<html>
<head>
<title>TestNG:  Default test</title>
<link href="../testng.css" rel="stylesheet" type="text/css" />
<link href="../my-testng.css" rel="stylesheet" type="text/css" />

<style type="text/css">
.log { display: none;} 
.stack-trace { display: none;} 
</style>
<script type="text/javascript">
<!--
function flip(e) {
  current = e.style.display;
  if (current == 'block') {
    e.style.display = 'none';
    return 0;
  }
  else {
    e.style.display = 'block';
    return 1;
  }
}

function toggleBox(szDivId, elem, msg1, msg2)
{
  var res = -1;  if (document.getElementById) {
    res = flip(document.getElementById(szDivId));
  }
  else if (document.all) {
    // this is the way old msie versions work
    res = flip(document.all[szDivId]);
  }
  if(elem) {
    if(res == 0) elem.innerHTML = msg1; else elem.innerHTML = msg2;
  }

}

function toggleAllBoxes() {
  if (document.getElementsByTagName) {
    d = document.getElementsByTagName('div');
    for (i = 0; i < d.length; i++) {
      if (d[i].className == 'log') {
        flip(d[i]);
      }
    }
  }
}

// -->
</script>

</head>
<body>
<h2 align='center'>Default test</h2><table border='1' align="center">
<tr>
<td>Tests passed/Failed/Skipped:</td><td>9/1/0</td>
</tr><tr>
<td>Started on:</td><td>Tue Jan 03 17:22:27 IST 2023</td>
</tr>
<tr><td>Total time:</td><td>526 seconds (526527 ms)</td>
</tr><tr>
<td>Included groups:</td><td></td>
</tr><tr>
<td>Excluded groups:</td><td></td>
</tr>
</table><p/>
<small><i>(Hover the method name to see the test class name)</i></small><p/>
<table width='100%' border='1' class='invocation-failed'>
<tr><td colspan='4' align='center'><b>FAILED TESTS</b></td></tr>
<tr><td><b>Test method</b></td>
<td width="30%"><b>Exception</b></td>
<td width="10%"><b>Time (seconds)</b></td>
<td><b>Instance</b></td>
</tr>
<tr>
<td title='com.TestCases.Amazon_HomePage.doesitsatisfyRequirement()'><b>doesitsatisfyRequirement</b><br>Test class: com.TestCases.Amazon_HomePage</td>
<td><div><pre>java.lang.AssertionError: expected [Wake Up 12-inch Medium Firm Queen Size Pocket Spring Mattress (84x66x12)] but found [ECOVACS Robot Vacuum Cleaner (DEEBOT U2 PRO)]
	at org.testng.Assert.fail(Assert.java:94)
	at org.testng.Assert.failNotEquals(Assert.java:513)
	at org.testng.Assert.assertEqualsImpl(Assert.java:135)
	at org.testng.Assert.assertEquals(Assert.java:116)
	at org.testng.Assert.assertEquals(Assert.java:190)
	at org.testng.Assert.assertEquals(Assert.java:200)
	at com.TestCases.Amazon_HomePage.doesitsatisfyRequirement(Amazon_HomePage.java:199)
	at java.base/jdk.internal.reflect.NativeMethodAccessorImpl.invoke0(Native Method)
	at java.base/jdk.internal.reflect.NativeMethodAccessorImpl.invoke(NativeMethodAccessorImpl.java:77)
	at java.base/jdk.internal.reflect.DelegatingMethodAccessorImpl.invoke(DelegatingMethodAccessorImpl.java:43)
	at java.base/java.lang.reflect.Method.invoke(Method.java:568)
	at org.testng.internal.MethodInvocationHelper.invokeMethod(MethodInvocationHelper.java:100)
	at org.testng.internal.Invoker.invokeMethod(Invoker.java:646)
	at org.testng.internal.Invoker.invokeTestMethod(Invoker.java:811)
	at org.testng.internal.Invoker.invokeTestMethods(Invoker.java:1137)
	at org.testng.internal.TestMethodWorker.invokeTestMethods(TestMethodWorker.java:129)
	at org.testng.internal.TestMethodWorker.run(TestMethodWorker.java:112)
	at org.testng.TestRunner.privateRun(TestRunner.java:753)
	at org.testng.TestRunner.run(TestRunner.java:607)
	at org.testng.SuiteRunner.runTest(SuiteRunner.java:368)
	at org.testng.SuiteRunner.runSequentially(SuiteRunner.java:363)
	at org.testng.SuiteRunner.privateRun(SuiteRunner.java:321)
	at org.testng.SuiteRunner.run(SuiteRunner.java:270)
	at org.testng.SuiteRunnerWorker.runSuite(SuiteRunnerWorker.java:52)
	at org.testng.SuiteRunnerWorker.run(SuiteRunnerWorker.java:86)
	at org.testng.TestNG.runSuitesSequentially(TestNG.java:1284)
	at org.testng.TestNG.runSuitesLocally(TestNG.java:1209)
	at org.testng.TestNG.runSuites(TestNG.java:1124)
	at org.testng.TestNG.run(TestNG.java:1096)
	at org.testng.remote.AbstractRemoteTestNG.run(AbstractRemoteTestNG.java:132)
	at org.testng.remote.RemoteTestNG.initAndRun(RemoteTestNG.java:236)
	at org.testng.remote.RemoteTestNG.main(RemoteTestNG.java:81)
</pre></div><a href='#' onClick='toggleBox("stack-trace1403380247", this, "Click to show all stack frames", "Click to hide stack frames")'>Click to show all stack frames</a>
<div class='stack-trace' id='stack-trace1403380247'><pre>java.lang.AssertionError: expected [Wake Up 12-inch Medium Firm Queen Size Pocket Spring Mattress (84x66x12)] but found [ECOVACS Robot Vacuum Cleaner (DEEBOT U2 PRO)]
	at org.testng.Assert.fail(Assert.java:94)
	at org.testng.Assert.failNotEquals(Assert.java:513)
	at org.testng.Assert.assertEqualsImpl(Assert.java:135)
	at org.testng.Assert.assertEquals(Assert.java:116)
	at org.testng.Assert.assertEquals(Assert.java:190)
	at org.testng.Assert.assertEquals(Assert.java:200)
	at com.TestCases.Amazon_HomePage.doesitsatisfyRequirement(Amazon_HomePage.java:199)
	at java.base/jdk.internal.reflect.NativeMethodAccessorImpl.invoke0(Native Method)
	at java.base/jdk.internal.reflect.NativeMethodAccessorImpl.invoke(NativeMethodAccessorImpl.java:77)
	at java.base/jdk.internal.reflect.DelegatingMethodAccessorImpl.invoke(DelegatingMethodAccessorImpl.java:43)
	at java.base/java.lang.reflect.Method.invoke(Method.java:568)
	at org.testng.internal.MethodInvocationHelper.invokeMethod(MethodInvocationHelper.java:100)
	at org.testng.internal.Invoker.invokeMethod(Invoker.java:646)
	at org.testng.internal.Invoker.invokeTestMethod(Invoker.java:811)
	at org.testng.internal.Invoker.invokeTestMethods(Invoker.java:1137)
	at org.testng.internal.TestMethodWorker.invokeTestMethods(TestMethodWorker.java:129)
	at org.testng.internal.TestMethodWorker.run(TestMethodWorker.java:112)
	at org.testng.TestRunner.privateRun(TestRunner.java:753)
	at org.testng.TestRunner.run(TestRunner.java:607)
	at org.testng.SuiteRunner.runTest(SuiteRunner.java:368)
	at org.testng.SuiteRunner.runSequentially(SuiteRunner.java:363)
	at org.testng.SuiteRunner.privateRun(SuiteRunner.java:321)
	at org.testng.SuiteRunner.run(SuiteRunner.java:270)
	at org.testng.SuiteRunnerWorker.runSuite(SuiteRunnerWorker.java:52)
	at org.testng.SuiteRunnerWorker.run(SuiteRunnerWorker.java:86)
	at org.testng.TestNG.runSuitesSequentially(TestNG.java:1284)
	at org.testng.TestNG.runSuitesLocally(TestNG.java:1209)
	at org.testng.TestNG.runSuites(TestNG.java:1124)
	at org.testng.TestNG.run(TestNG.java:1096)
	at org.testng.remote.AbstractRemoteTestNG.run(AbstractRemoteTestNG.java:132)
	at org.testng.remote.RemoteTestNG.initAndRun(RemoteTestNG.java:236)
	at org.testng.remote.RemoteTestNG.main(RemoteTestNG.java:81)
</pre></div></td>
<td>141</td>
<td>com.TestCases.Amazon_HomePage@41c2284a</td></tr>
</table><p>
<table width='100%' border='1' class='invocation-passed'>
<tr><td colspan='4' align='center'><b>PASSED TESTS</b></td></tr>
<tr><td><b>Test method</b></td>
<td width="30%"><b>Exception</b></td>
<td width="10%"><b>Time (seconds)</b></td>
<td><b>Instance</b></td>
</tr>
<tr>
<td title='com.TestCases.Amazon_HomePage.MouseHoverMethod()'><b>MouseHoverMethod</b><br>Test class: com.TestCases.Amazon_HomePage</td>
<td></td>
<td>18</td>
<td>com.TestCases.Amazon_HomePage@41c2284a</td></tr>
<tr>
<td title='com.TestCases.Amazon_HomePage.actualLogin()'><b>actualLogin</b><br>Test class: com.TestCases.Amazon_HomePage</td>
<td></td>
<td>33</td>
<td>com.TestCases.Amazon_HomePage@41c2284a</td></tr>
<tr>
<td title='com.TestCases.Amazon_HomePage.addtocart()'><b>addtocart</b><br>Test class: com.TestCases.Amazon_HomePage</td>
<td></td>
<td>60</td>
<td>com.TestCases.Amazon_HomePage@41c2284a</td></tr>
<tr>
<td title='com.TestCases.Amazon_HomePage.deleteproductincart()'><b>deleteproductincart</b><br>Test class: com.TestCases.Amazon_HomePage<br/>
<a href="#Output-1829440934" onClick='toggleBox("Output-1829440934", this, "Show output", "Hide output");'>Show output</a>

<a href="#Output-1829440934" onClick="toggleAllBoxes();">Show all outputs</a>
<div class='log' id="Output-1829440934">
Amazon.in Shopping Cart<br/>
</div>
</td>
<td></td>
<td>69</td>
<td>com.TestCases.Amazon_HomePage@41c2284a</td></tr>
<tr>
<td title='com.TestCases.Amazon_HomePage.dropdowntextcount()'><b>dropdowntextcount</b><br>Test class: com.TestCases.Amazon_HomePage</td>
<td></td>
<td>11</td>
<td>com.TestCases.Amazon_HomePage@41c2284a</td></tr>
<tr>
<td title='com.TestCases.Amazon_HomePage.signin()'><b>signin</b><br>Test class: com.TestCases.Amazon_HomePage</td>
<td></td>
<td>12</td>
<td>com.TestCases.Amazon_HomePage@41c2284a</td></tr>
<tr>
<td title='com.TestCases.Amazon_HomePage.verifyhomepagetitle()'><b>verifyhomepagetitle</b><br>Test class: com.TestCases.Amazon_HomePage</td>
<td></td>
<td>24</td>
<td>com.TestCases.Amazon_HomePage@41c2284a</td></tr>
<tr>
<td title='com.TestCases.Amazon_HomePage.verifynavigationmenutext()'><b>verifynavigationmenutext</b><br>Test class: com.TestCases.Amazon_HomePage</td>
<td></td>
<td>17</td>
<td>com.TestCases.Amazon_HomePage@41c2284a</td></tr>
<tr>
<td title='com.TestCases.Amazon_HomePage.verifytitleoftodaysdeal()'><b>verifytitleoftodaysdeal</b><br>Test class: com.TestCases.Amazon_HomePage</td>
<td></td>
<td>17</td>
<td>com.TestCases.Amazon_HomePage@41c2284a</td></tr>
</table><p>
</body>
</html>