<?xml version="1.0" encoding="UTF-8"?>
<!-- Generated by org.testng.reporters.JUnitXMLReporter -->
<testsuite hostname="Nikhil-PC" failures="1" tests="10" name="Default test" time="526.527" errors="0" timestamp="3 Jan 2023 12:01:13 GMT">
  <testcase classname="com.TestCases.Amazon_HomePage" name="actualLogin" time="33.634"/>
  <testcase classname="com.TestCases.Amazon_HomePage" name="doesitsatisfyRequirement" time="141.798">
    <failure type="java.lang.AssertionError" message="expected [Wake Up 12-inch Medium Firm Queen Size Pocket Spring Mattress (84x66x12)] but found [ECOVACS Robot Vacuum Cleaner (DEEBOT U2 PRO)]">
      <![CDATA[java.lang.AssertionError: expected [Wake Up 12-inch Medium Firm Queen Size Pocket Spring Mattress (84x66x12)] but found [ECOVACS Robot Vacuum Cleaner (DEEBOT U2 PRO)]
	at org.testng.Assert.fail(Assert.java:94)
	at org.testng.Assert.failNotEquals(Assert.java:513)
	at org.testng.Assert.assertEqualsImpl(Assert.java:135)
	at org.testng.Assert.assertEquals(Assert.java:116)
	at org.testng.Assert.assertEquals(Assert.java:190)
	at org.testng.Assert.assertEquals(Assert.java:200)
	at com.TestCases.Amazon_HomePage.doesitsatisfyRequirement(Amazon_HomePage.java:199)
	at java.base/jdk.internal.reflect.NativeMethodAccessorImpl.invoke0(Native Method)
	at java.base/jdk.internal.reflect.NativeMethodAccessorImpl.invoke(NativeMethodAccessorImpl.java:77)
	at java.base/jdk.internal.reflect.DelegatingMethodAccessorImpl.invoke(DelegatingMethodAccessorImpl.java:43)
	at java.base/java.lang.reflect.Method.invoke(Method.java:568)
	at org.testng.internal.MethodInvocationHelper.invokeMethod(MethodInvocationHelper.java:100)
	at org.testng.internal.Invoker.invokeMethod(Invoker.java:646)
	at org.testng.internal.Invoker.invokeTestMethod(Invoker.java:811)
	at org.testng.internal.Invoker.invokeTestMethods(Invoker.java:1137)
	at org.testng.internal.TestMethodWorker.invokeTestMethods(TestMethodWorker.java:129)
	at org.testng.internal.TestMethodWorker.run(TestMethodWorker.java:112)
	at org.testng.TestRunner.privateRun(TestRunner.java:753)
	at org.testng.TestRunner.run(TestRunner.java:607)
	at org.testng.SuiteRunner.runTest(SuiteRunner.java:368)
	at org.testng.SuiteRunner.runSequentially(SuiteRunner.java:363)
	at org.testng.SuiteRunner.privateRun(SuiteRunner.java:321)
	at org.testng.SuiteRunner.run(SuiteRunner.java:270)
	at org.testng.SuiteRunnerWorker.runSuite(SuiteRunnerWorker.java:52)
	at org.testng.SuiteRunnerWorker.run(SuiteRunnerWorker.java:86)
	at org.testng.TestNG.runSuitesSequentially(TestNG.java:1284)
	at org.testng.TestNG.runSuitesLocally(TestNG.java:1209)
	at org.testng.TestNG.runSuites(TestNG.java:1124)
	at org.testng.TestNG.run(TestNG.java:1096)
	at org.testng.remote.AbstractRemoteTestNG.run(AbstractRemoteTestNG.java:132)
	at org.testng.remote.RemoteTestNG.initAndRun(RemoteTestNG.java:236)
	at org.testng.remote.RemoteTestNG.main(RemoteTestNG.java:81)
]]>
    </failure>
  </testcase> <!-- doesitsatisfyRequirement -->
  <testcase classname="com.TestCases.Amazon_HomePage" name="verifyhomepagetitle" time="24.914"/>
  <testcase classname="com.TestCases.Amazon_HomePage" name="verifynavigationmenutext" time="17.276"/>
  <testcase classname="com.TestCases.Amazon_HomePage" name="verifytitleoftodaysdeal" time="17.396"/>
  <testcase classname="com.TestCases.Amazon_HomePage" name="MouseHoverMethod" time="18.756"/>
  <testcase classname="com.TestCases.Amazon_HomePage" name="addtocart" time="60.081"/>
  <testcase classname="com.TestCases.Amazon_HomePage" name="deleteproductincart" time="69.198"/>
  <testcase classname="com.TestCases.Amazon_HomePage" name="signin" time="12.878"/>
  <testcase classname="com.TestCases.Amazon_HomePage" name="dropdowntextcount" time="11.084"/>
</testsuite> <!-- Default test -->
