<?xml version="1.0" encoding="UTF-8"?>
<!-- Generated by org.testng.reporters.JUnitXMLReporter -->
<testsuite hostname="Nikhil-PC" failures="2" tests="10" name="Test" time="354.711" errors="0" timestamp="31 Dec 2022 08:32:57 GMT">
  <testcase classname="com.TestCases.HomePage" name="actualLogin" time="32.53"/>
  <testcase classname="com.TestCases.HomePage" name="doesitsatisfyRequirement" time="59.63">
    <failure type="java.lang.AssertionError" message="expected [Wake Up 12-inch Medium Firm Queen Size Pocket Spring Mattress (84x66x12)] but found [Wakeup Luxuriate Orthopedic Hybrid Memory Foam Pocket Spring Single Size Mattress (72x30x8)]">
      <![CDATA[java.lang.AssertionError: expected [Wake Up 12-inch Medium Firm Queen Size Pocket Spring Mattress (84x66x12)] but found [Wakeup Luxuriate Orthopedic Hybrid Memory Foam Pocket Spring Single Size Mattress (72x30x8)]
	at com.TestCases.HomePage.doesitsatisfyRequirement(HomePage.java:185)
... Removed 31 stack frames]]>
    </failure>
  </testcase> <!-- doesitsatisfyRequirement -->
  <testcase classname="com.TestCases.HomePage" name="verifyhomepagetitle" time="36.981"/>
  <testcase classname="com.TestCases.HomePage" name="verifynavigationmenutext" time="14.511"/>
  <testcase classname="com.TestCases.HomePage" name="verifytitleoftodaysdeal" time="18.179"/>
  <testcase classname="com.TestCases.HomePage" name="MouseHoverMethod" time="10.629"/>
  <testcase classname="com.TestCases.HomePage" name="addtocart" time="72.592"/>
  <testcase classname="com.TestCases.HomePage" name="deleteproductincart" time="0.529">
    <failure type="org.openqa.selenium.NoSuchElementException" message="no such element: Unable to locate element: {&amp;quot;method&amp;quot;:&amp;quot;xpath&amp;quot;,&amp;quot;selector&amp;quot;:&amp;quot;//div[@class=&amp;apos;layoutToolbarPadding&amp;apos;]/a[@class=&amp;apos;nav-a nav-a-2 nav-progressive-attribute&amp;apos;]&amp;quot;}
  (Session info: chrome=108.0.5359.125)
For documentation on this error, please visit: https://selenium.dev/exceptions/#no_such_element
Build info: version: &amp;apos;4.6.0&amp;apos;, revision: &amp;apos;79f1c02ae20&amp;apos;
System info: os.name: &amp;apos;Windows 7&amp;apos;, os.arch: &amp;apos;amd64&amp;apos;, os.version: &amp;apos;6.1&amp;apos;, java.version: &amp;apos;17.0.4.1&amp;apos;
Driver info: org.openqa.selenium.chrome.ChromeDriver
Command: [ace933875f87d1da5a70c0bd24d7f9b9, findElement {using=xpath, value=//div[@class=&amp;apos;layoutToolbarPadding&amp;apos;]/a[@class=&amp;apos;nav-a nav-a-2 nav-progressive-attribute&amp;apos;]}]
Capabilities {acceptInsecureCerts: false, browserName: chrome, browserVersion: 108.0.5359.125, chrome: {chromedriverVersion: 108.0.5359.71 (1e0e3868ee06..., userDataDir: C:\Users\Nikhil\AppData\Loc...}, goog:chromeOptions: {debuggerAddress: localhost:64544}, networkConnectionEnabled: false, pageLoadStrategy: normal, platformName: WINDOWS, proxy: Proxy(), se:cdp: ws://localhost:64544/devtoo..., se:cdpVersion: 108.0.5359.125, setWindowRect: true, strictFileInteractability: false, timeouts: {implicit: 0, pageLoad: 300000, script: 30000}, unhandledPromptBehavior: dismiss and notify, webauthn:extension:credBlob: true, webauthn:extension:largeBlob: true, webauthn:virtualAuthenticators: true}
Session ID: ace933875f87d1da5a70c0bd24d7f9b9">
      <![CDATA[org.openqa.selenium.NoSuchElementException: no such element: Unable to locate element: {"method":"xpath","selector":"//div[@class='layoutToolbarPadding']/a[@class='nav-a nav-a-2 nav-progressive-attribute']"}
  (Session info: chrome=108.0.5359.125)
For documentation on this error, please visit: https://selenium.dev/exceptions/#no_such_element
Build info: version: '4.6.0', revision: '79f1c02ae20'
System info: os.name: 'Windows 7', os.arch: 'amd64', os.version: '6.1', java.version: '17.0.4.1'
Driver info: org.openqa.selenium.chrome.ChromeDriver
Command: [ace933875f87d1da5a70c0bd24d7f9b9, findElement {using=xpath, value=//div[@class='layoutToolbarPadding']/a[@class='nav-a nav-a-2 nav-progressive-attribute']}]
Capabilities {acceptInsecureCerts: false, browserName: chrome, browserVersion: 108.0.5359.125, chrome: {chromedriverVersion: 108.0.5359.71 (1e0e3868ee06..., userDataDir: C:\Users\Nikhil\AppData\Loc...}, goog:chromeOptions: {debuggerAddress: localhost:64544}, networkConnectionEnabled: false, pageLoadStrategy: normal, platformName: WINDOWS, proxy: Proxy(), se:cdp: ws://localhost:64544/devtoo..., se:cdpVersion: 108.0.5359.125, setWindowRect: true, strictFileInteractability: false, timeouts: {implicit: 0, pageLoad: 300000, script: 30000}, unhandledPromptBehavior: dismiss and notify, webauthn:extension:credBlob: true, webauthn:extension:largeBlob: true, webauthn:virtualAuthenticators: true}
Session ID: ace933875f87d1da5a70c0bd24d7f9b9
	at org.openqa.selenium.remote.codec.w3c.W3CHttpResponseCodec.createException(W3CHttpResponseCodec.java:200)
	at org.openqa.selenium.remote.codec.w3c.W3CHttpResponseCodec.decode(W3CHttpResponseCodec.java:133)
	at org.openqa.selenium.remote.codec.w3c.W3CHttpResponseCodec.decode(W3CHttpResponseCodec.java:53)
	at org.openqa.selenium.remote.HttpCommandExecutor.execute(HttpCommandExecutor.java:184)
	at org.openqa.selenium.remote.service.DriverCommandExecutor.invokeExecute(DriverCommandExecutor.java:167)
	at org.openqa.selenium.remote.service.DriverCommandExecutor.execute(DriverCommandExecutor.java:142)
	at org.openqa.selenium.remote.RemoteWebDriver.execute(RemoteWebDriver.java:541)
	at org.openqa.selenium.remote.ElementLocation$ElementFinder$2.findElement(ElementLocation.java:162)
	at org.openqa.selenium.remote.ElementLocation.findElement(ElementLocation.java:60)
	at org.openqa.selenium.remote.RemoteWebDriver.findElement(RemoteWebDriver.java:365)
	at org.openqa.selenium.remote.RemoteWebDriver.findElement(RemoteWebDriver.java:357)
	at com.TestCases.HomePage.deleteproductincart(HomePage.java:142)
... Removed 30 stack frames]]>
    </failure>
  </testcase> <!-- deleteproductincart -->
  <testcase classname="com.TestCases.HomePage" name="signin" time="13.745"/>
  <testcase classname="com.TestCases.HomePage" name="dropdowntextcount" time="9.914"/>
</testsuite> <!-- Test -->
