<?xml version="1.0" encoding="UTF-8"?>
<testng-results total="10" passed="9" failed="1" skipped="0">
  <reporter-output>
    <line>
      <![CDATA[Amazon.in Shopping Cart]]>
    </line>
  </reporter-output>
  <suite started-at="2023-01-03T11:52:27Z" name="Default suite" finished-at="2023-01-03T12:01:13Z" duration-ms="526527">
    <groups>
    </groups>
    <test started-at="2023-01-03T11:52:27Z" name="Default test" finished-at="2023-01-03T12:01:13Z" duration-ms="526527">
      <class name="com.TestCases.Amazon_HomePage">
        <test-method is-config="true" signature="driverinitialization()[pri:0, instance:com.TestCases.Amazon_HomePage@41c2284a]" started-at="2023-01-03T17:22:27Z" name="driverinitialization" finished-at="2023-01-03T17:22:50Z" duration-ms="22703" status="PASS">
          <reporter-output>
          </reporter-output>
        </test-method> <!-- driverinitialization -->
        <test-method signature="actualLogin()[pri:0, instance:com.TestCases.Amazon_HomePage@41c2284a]" started-at="2023-01-03T17:22:50Z" name="actualLogin" finished-at="2023-01-03T17:23:23Z" duration-ms="33634" status="PASS">
          <reporter-output>
          </reporter-output>
        </test-method> <!-- actualLogin -->
        <test-method is-config="true" signature="closebrowser()[pri:0, instance:com.TestCases.Amazon_HomePage@41c2284a]" started-at="2023-01-03T17:23:23Z" name="closebrowser" finished-at="2023-01-03T17:23:25Z" duration-ms="1699" status="PASS">
          <reporter-output>
          </reporter-output>
        </test-method> <!-- closebrowser -->
        <test-method is-config="true" signature="driverinitialization()[pri:0, instance:com.TestCases.Amazon_HomePage@41c2284a]" started-at="2023-01-03T17:23:25Z" name="driverinitialization" finished-at="2023-01-03T17:23:41Z" duration-ms="16142" status="PASS">
          <reporter-output>
          </reporter-output>
        </test-method> <!-- driverinitialization -->
        <test-method signature="doesitsatisfyRequirement()[pri:0, instance:com.TestCases.Amazon_HomePage@41c2284a]" started-at="2023-01-03T17:23:41Z" name="doesitsatisfyRequirement" finished-at="2023-01-03T17:26:03Z" duration-ms="141798" status="FAIL">
          <exception class="java.lang.AssertionError">
            <message>
              <![CDATA[expected [Wake Up 12-inch Medium Firm Queen Size Pocket Spring Mattress (84x66x12)] but found [ECOVACS Robot Vacuum Cleaner (DEEBOT U2 PRO)]]]>
            </message>
            <full-stacktrace>
              <![CDATA[java.lang.AssertionError: expected [Wake Up 12-inch Medium Firm Queen Size Pocket Spring Mattress (84x66x12)] but found [ECOVACS Robot Vacuum Cleaner (DEEBOT U2 PRO)]
	at org.testng.Assert.fail(Assert.java:94)
	at org.testng.Assert.failNotEquals(Assert.java:513)
	at org.testng.Assert.assertEqualsImpl(Assert.java:135)
	at org.testng.Assert.assertEquals(Assert.java:116)
	at org.testng.Assert.assertEquals(Assert.java:190)
	at org.testng.Assert.assertEquals(Assert.java:200)
	at com.TestCases.Amazon_HomePage.doesitsatisfyRequirement(Amazon_HomePage.java:199)
	at java.base/jdk.internal.reflect.NativeMethodAccessorImpl.invoke0(Native Method)
	at java.base/jdk.internal.reflect.NativeMethodAccessorImpl.invoke(NativeMethodAccessorImpl.java:77)
	at java.base/jdk.internal.reflect.DelegatingMethodAccessorImpl.invoke(DelegatingMethodAccessorImpl.java:43)
	at java.base/java.lang.reflect.Method.invoke(Method.java:568)
	at org.testng.internal.MethodInvocationHelper.invokeMethod(MethodInvocationHelper.java:100)
	at org.testng.internal.Invoker.invokeMethod(Invoker.java:646)
	at org.testng.internal.Invoker.invokeTestMethod(Invoker.java:811)
	at org.testng.internal.Invoker.invokeTestMethods(Invoker.java:1137)
	at org.testng.internal.TestMethodWorker.invokeTestMethods(TestMethodWorker.java:129)
	at org.testng.internal.TestMethodWorker.run(TestMethodWorker.java:112)
	at org.testng.TestRunner.privateRun(TestRunner.java:753)
	at org.testng.TestRunner.run(TestRunner.java:607)
	at org.testng.SuiteRunner.runTest(SuiteRunner.java:368)
	at org.testng.SuiteRunner.runSequentially(SuiteRunner.java:363)
	at org.testng.SuiteRunner.privateRun(SuiteRunner.java:321)
	at org.testng.SuiteRunner.run(SuiteRunner.java:270)
	at org.testng.SuiteRunnerWorker.runSuite(SuiteRunnerWorker.java:52)
	at org.testng.SuiteRunnerWorker.run(SuiteRunnerWorker.java:86)
	at org.testng.TestNG.runSuitesSequentially(TestNG.java:1284)
	at org.testng.TestNG.runSuitesLocally(TestNG.java:1209)
	at org.testng.TestNG.runSuites(TestNG.java:1124)
	at org.testng.TestNG.run(TestNG.java:1096)
	at org.testng.remote.AbstractRemoteTestNG.run(AbstractRemoteTestNG.java:132)
	at org.testng.remote.RemoteTestNG.initAndRun(RemoteTestNG.java:236)
	at org.testng.remote.RemoteTestNG.main(RemoteTestNG.java:81)
]]>
            </full-stacktrace>
          </exception> <!-- java.lang.AssertionError -->
          <reporter-output>
          </reporter-output>
        </test-method> <!-- doesitsatisfyRequirement -->
        <test-method is-config="true" signature="closebrowser()[pri:0, instance:com.TestCases.Amazon_HomePage@41c2284a]" started-at="2023-01-03T17:26:03Z" name="closebrowser" finished-at="2023-01-03T17:26:08Z" duration-ms="5464" status="PASS">
          <reporter-output>
          </reporter-output>
        </test-method> <!-- closebrowser -->
        <test-method is-config="true" signature="driverinitialization()[pri:0, instance:com.TestCases.Amazon_HomePage@41c2284a]" started-at="2023-01-03T17:26:08Z" name="driverinitialization" finished-at="2023-01-03T17:26:18Z" duration-ms="9251" status="PASS">
          <reporter-output>
          </reporter-output>
        </test-method> <!-- driverinitialization -->
        <test-method signature="verifyhomepagetitle()[pri:0, instance:com.TestCases.Amazon_HomePage@41c2284a]" started-at="2023-01-03T17:26:18Z" name="verifyhomepagetitle" finished-at="2023-01-03T17:26:43Z" duration-ms="24914" status="PASS">
          <reporter-output>
          </reporter-output>
        </test-method> <!-- verifyhomepagetitle -->
        <test-method is-config="true" signature="closebrowser()[pri:0, instance:com.TestCases.Amazon_HomePage@41c2284a]" started-at="2023-01-03T17:26:43Z" name="closebrowser" finished-at="2023-01-03T17:26:44Z" duration-ms="1549" status="PASS">
          <reporter-output>
          </reporter-output>
        </test-method> <!-- closebrowser -->
        <test-method is-config="true" signature="driverinitialization()[pri:0, instance:com.TestCases.Amazon_HomePage@41c2284a]" started-at="2023-01-03T17:26:44Z" name="driverinitialization" finished-at="2023-01-03T17:26:50Z" duration-ms="6190" status="PASS">
          <reporter-output>
          </reporter-output>
        </test-method> <!-- driverinitialization -->
        <test-method signature="verifynavigationmenutext()[pri:0, instance:com.TestCases.Amazon_HomePage@41c2284a]" started-at="2023-01-03T17:26:50Z" name="verifynavigationmenutext" finished-at="2023-01-03T17:27:08Z" duration-ms="17276" status="PASS">
          <reporter-output>
          </reporter-output>
        </test-method> <!-- verifynavigationmenutext -->
        <test-method is-config="true" signature="closebrowser()[pri:0, instance:com.TestCases.Amazon_HomePage@41c2284a]" started-at="2023-01-03T17:27:08Z" name="closebrowser" finished-at="2023-01-03T17:27:09Z" duration-ms="1296" status="PASS">
          <reporter-output>
          </reporter-output>
        </test-method> <!-- closebrowser -->
        <test-method is-config="true" signature="driverinitialization()[pri:0, instance:com.TestCases.Amazon_HomePage@41c2284a]" started-at="2023-01-03T17:27:09Z" name="driverinitialization" finished-at="2023-01-03T17:27:16Z" duration-ms="6709" status="PASS">
          <reporter-output>
          </reporter-output>
        </test-method> <!-- driverinitialization -->
        <test-method signature="verifytitleoftodaysdeal()[pri:0, instance:com.TestCases.Amazon_HomePage@41c2284a]" started-at="2023-01-03T17:27:16Z" name="verifytitleoftodaysdeal" finished-at="2023-01-03T17:27:33Z" duration-ms="17396" status="PASS">
          <reporter-output>
          </reporter-output>
        </test-method> <!-- verifytitleoftodaysdeal -->
        <test-method is-config="true" signature="closebrowser()[pri:0, instance:com.TestCases.Amazon_HomePage@41c2284a]" started-at="2023-01-03T17:27:33Z" name="closebrowser" finished-at="2023-01-03T17:27:36Z" duration-ms="2887" status="PASS">
          <reporter-output>
          </reporter-output>
        </test-method> <!-- closebrowser -->
        <test-method is-config="true" signature="driverinitialization()[pri:0, instance:com.TestCases.Amazon_HomePage@41c2284a]" started-at="2023-01-03T17:27:36Z" name="driverinitialization" finished-at="2023-01-03T17:27:41Z" duration-ms="5355" status="PASS">
          <reporter-output>
          </reporter-output>
        </test-method> <!-- driverinitialization -->
        <test-method signature="MouseHoverMethod()[pri:0, instance:com.TestCases.Amazon_HomePage@41c2284a]" started-at="2023-01-03T17:27:41Z" name="MouseHoverMethod" finished-at="2023-01-03T17:28:00Z" duration-ms="18756" status="PASS">
          <reporter-output>
          </reporter-output>
        </test-method> <!-- MouseHoverMethod -->
        <test-method is-config="true" signature="closebrowser()[pri:0, instance:com.TestCases.Amazon_HomePage@41c2284a]" started-at="2023-01-03T17:28:00Z" name="closebrowser" finished-at="2023-01-03T17:28:06Z" duration-ms="5990" status="PASS">
          <reporter-output>
          </reporter-output>
        </test-method> <!-- closebrowser -->
        <test-method is-config="true" signature="driverinitialization()[pri:0, instance:com.TestCases.Amazon_HomePage@41c2284a]" started-at="2023-01-03T17:28:06Z" name="driverinitialization" finished-at="2023-01-03T17:28:10Z" duration-ms="4537" status="PASS">
          <reporter-output>
          </reporter-output>
        </test-method> <!-- driverinitialization -->
        <test-method signature="addtocart()[pri:0, instance:com.TestCases.Amazon_HomePage@41c2284a]" started-at="2023-01-03T17:28:10Z" name="addtocart" finished-at="2023-01-03T17:29:11Z" duration-ms="60081" status="PASS">
          <reporter-output>
          </reporter-output>
        </test-method> <!-- addtocart -->
        <test-method is-config="true" signature="closebrowser()[pri:0, instance:com.TestCases.Amazon_HomePage@41c2284a]" started-at="2023-01-03T17:29:11Z" name="closebrowser" finished-at="2023-01-03T17:29:14Z" duration-ms="3356" status="PASS">
          <reporter-output>
          </reporter-output>
        </test-method> <!-- closebrowser -->
        <test-method is-config="true" signature="driverinitialization()[pri:0, instance:com.TestCases.Amazon_HomePage@41c2284a]" started-at="2023-01-03T17:29:14Z" name="driverinitialization" finished-at="2023-01-03T17:29:23Z" duration-ms="9121" status="PASS">
          <reporter-output>
          </reporter-output>
        </test-method> <!-- driverinitialization -->
        <test-method signature="deleteproductincart()[pri:0, instance:com.TestCases.Amazon_HomePage@41c2284a]" started-at="2023-01-03T17:29:23Z" name="deleteproductincart" finished-at="2023-01-03T17:30:32Z" duration-ms="69198" status="PASS">
          <reporter-output>
            <line>
              <![CDATA[Amazon.in Shopping Cart]]>
            </line>
          </reporter-output>
        </test-method> <!-- deleteproductincart -->
        <test-method is-config="true" signature="closebrowser()[pri:0, instance:com.TestCases.Amazon_HomePage@41c2284a]" started-at="2023-01-03T17:30:32Z" name="closebrowser" finished-at="2023-01-03T17:30:34Z" duration-ms="1649" status="PASS">
          <reporter-output>
          </reporter-output>
        </test-method> <!-- closebrowser -->
        <test-method is-config="true" signature="driverinitialization()[pri:0, instance:com.TestCases.Amazon_HomePage@41c2284a]" started-at="2023-01-03T17:30:34Z" name="driverinitialization" finished-at="2023-01-03T17:30:42Z" duration-ms="8369" status="PASS">
          <reporter-output>
          </reporter-output>
        </test-method> <!-- driverinitialization -->
        <test-method signature="signin()[pri:0, instance:com.TestCases.Amazon_HomePage@41c2284a]" started-at="2023-01-03T17:30:42Z" name="signin" finished-at="2023-01-03T17:30:55Z" duration-ms="12878" status="PASS">
          <reporter-output>
          </reporter-output>
        </test-method> <!-- signin -->
        <test-method is-config="true" signature="closebrowser()[pri:0, instance:com.TestCases.Amazon_HomePage@41c2284a]" started-at="2023-01-03T17:30:55Z" name="closebrowser" finished-at="2023-01-03T17:30:56Z" duration-ms="1111" status="PASS">
          <reporter-output>
          </reporter-output>
        </test-method> <!-- closebrowser -->
        <test-method is-config="true" signature="driverinitialization()[pri:0, instance:com.TestCases.Amazon_HomePage@41c2284a]" started-at="2023-01-03T17:30:57Z" name="driverinitialization" finished-at="2023-01-03T17:31:01Z" duration-ms="4477" status="PASS">
          <reporter-output>
          </reporter-output>
        </test-method> <!-- driverinitialization -->
        <test-method signature="dropdowntextcount()[pri:0, instance:com.TestCases.Amazon_HomePage@41c2284a]" started-at="2023-01-03T17:31:01Z" name="dropdowntextcount" finished-at="2023-01-03T17:31:12Z" depends-on-methods="com.TestCases.Amazon_HomePage.verifynavigationmenutext" duration-ms="11084" status="PASS">
          <reporter-output>
          </reporter-output>
        </test-method> <!-- dropdowntextcount -->
        <test-method is-config="true" signature="closebrowser()[pri:0, instance:com.TestCases.Amazon_HomePage@41c2284a]" started-at="2023-01-03T17:31:12Z" name="closebrowser" finished-at="2023-01-03T17:31:13Z" duration-ms="1303" status="PASS">
          <reporter-output>
          </reporter-output>
        </test-method> <!-- closebrowser -->
      </class> <!-- com.TestCases.Amazon_HomePage -->
    </test> <!-- Default test -->
  </suite> <!-- Default suite -->
</testng-results>
