<?xml version="1.0" encoding="UTF-8"?>
<!-- Generated by org.testng.reporters.JUnitReportReporter -->
<testsuite hostname="Nikhil-PC" failures="0" tests="11" name="com.TestCases.HomePage" time="0.022" errors="1" timestamp="31 Dec 2022 08:23:03 GMT" skipped="10">
  <testcase classname="com.TestCases.HomePage" name="driverinitialization" time="0.000">
    <error message="Could not start a new session. Response code 500. Message: unknown error: DevToolsActivePort file doesn&#039;t exist 
Host info: host: &#039;NIKHIL-PC&#039;, ip: &#039;192.168.1.89&#039;
Build info: version: &#039;4.6.0&#039;, revision: &#039;79f1c02ae20&#039;
System info: os.name: &#039;Windows 7&#039;, os.arch: &#039;amd64&#039;, os.version: &#039;6.1&#039;, java.version: &#039;17.0.4.1&#039;
Driver info: org.openqa.selenium.chrome.ChromeDriver
Command: [null, newSession {capabilities=[Capabilities {browserName: chrome, goog:chromeOptions: {args: [], extensions: []}}], desiredCapabilities=Capabilities {browserName: chrome, goog:chromeOptions: {args: [], extensions: []}}}]" type="org.openqa.selenium.SessionNotCreatedException">
      <![CDATA[org.openqa.selenium.SessionNotCreatedException: Could not start a new session. Response code 500. Message: unknown error: DevToolsActivePort file doesn't exist 
Host info: host: 'NIKHIL-PC', ip: '192.168.1.89'
Build info: version: '4.6.0', revision: '79f1c02ae20'
System info: os.name: 'Windows 7', os.arch: 'amd64', os.version: '6.1', java.version: '17.0.4.1'
Driver info: org.openqa.selenium.chrome.ChromeDriver
Command: [null, newSession {capabilities=[Capabilities {browserName: chrome, goog:chromeOptions: {args: [], extensions: []}}], desiredCapabilities=Capabilities {browserName: chrome, goog:chromeOptions: {args: [], extensions: []}}}]
	at org.openqa.selenium.remote.ProtocolHandshake.createSession(ProtocolHandshake.java:146)
	at org.openqa.selenium.remote.ProtocolHandshake.createSession(ProtocolHandshake.java:101)
	at org.openqa.selenium.remote.ProtocolHandshake.createSession(ProtocolHandshake.java:67)
	at org.openqa.selenium.remote.HttpCommandExecutor.execute(HttpCommandExecutor.java:156)
	at org.openqa.selenium.remote.service.DriverCommandExecutor.invokeExecute(DriverCommandExecutor.java:167)
	at org.openqa.selenium.remote.service.DriverCommandExecutor.execute(DriverCommandExecutor.java:142)
	at org.openqa.selenium.remote.RemoteWebDriver.execute(RemoteWebDriver.java:541)
	at org.openqa.selenium.remote.RemoteWebDriver.startSession(RemoteWebDriver.java:242)
	at org.openqa.selenium.remote.RemoteWebDriver.<init>(RemoteWebDriver.java:157)
	at org.openqa.selenium.chromium.ChromiumDriver.<init>(ChromiumDriver.java:101)
	at org.openqa.selenium.chrome.ChromeDriver.<init>(ChromeDriver.java:81)
	at org.openqa.selenium.chrome.ChromeDriver.<init>(ChromeDriver.java:49)
	at com.TestCases.HomePage.driverinitialization(HomePage.java:30)
	at java.base/jdk.internal.reflect.NativeMethodAccessorImpl.invoke0(Native Method)
	at java.base/jdk.internal.reflect.NativeMethodAccessorImpl.invoke(NativeMethodAccessorImpl.java:77)
	at java.base/jdk.internal.reflect.DelegatingMethodAccessorImpl.invoke(DelegatingMethodAccessorImpl.java:43)
	at java.base/java.lang.reflect.Method.invoke(Method.java:568)
	at org.testng.internal.MethodInvocationHelper.invokeMethod(MethodInvocationHelper.java:100)
	at org.testng.internal.Invoker.invokeConfigurationMethod(Invoker.java:515)
	at org.testng.internal.Invoker.invokeConfigurations(Invoker.java:216)
	at org.testng.internal.Invoker.invokeMethod(Invoker.java:590)
	at org.testng.internal.Invoker.invokeTestMethod(Invoker.java:811)
	at org.testng.internal.Invoker.invokeTestMethods(Invoker.java:1137)
	at org.testng.internal.TestMethodWorker.invokeTestMethods(TestMethodWorker.java:129)
	at org.testng.internal.TestMethodWorker.run(TestMethodWorker.java:112)
	at org.testng.TestRunner.privateRun(TestRunner.java:753)
	at org.testng.TestRunner.run(TestRunner.java:607)
	at org.testng.SuiteRunner.runTest(SuiteRunner.java:368)
	at org.testng.SuiteRunner.runSequentially(SuiteRunner.java:363)
	at org.testng.SuiteRunner.privateRun(SuiteRunner.java:321)
	at org.testng.SuiteRunner.run(SuiteRunner.java:270)
	at org.testng.SuiteRunnerWorker.runSuite(SuiteRunnerWorker.java:52)
	at org.testng.SuiteRunnerWorker.run(SuiteRunnerWorker.java:86)
	at org.testng.TestNG.runSuitesSequentially(TestNG.java:1284)
	at org.testng.TestNG.runSuitesLocally(TestNG.java:1209)
	at org.testng.TestNG.runSuites(TestNG.java:1124)
	at org.testng.TestNG.run(TestNG.java:1096)
	at org.testng.remote.AbstractRemoteTestNG.run(AbstractRemoteTestNG.java:132)
	at org.testng.remote.RemoteTestNG.initAndRun(RemoteTestNG.java:236)
	at org.testng.remote.RemoteTestNG.main(RemoteTestNG.java:81)
]]>
    </error>
  </testcase> <!-- driverinitialization -->
  <testcase classname="com.TestCases.HomePage" name="actualLogin" time="0.001">
    <skipped/>
  </testcase> <!-- actualLogin -->
  <testcase classname="com.TestCases.HomePage" name="dropdowntextcount" time="0.000">
    <skipped/>
  </testcase> <!-- dropdowntextcount -->
  <testcase classname="com.TestCases.HomePage" name="deleteproductincart" time="0.005">
    <skipped/>
  </testcase> <!-- deleteproductincart -->
  <testcase classname="com.TestCases.HomePage" name="signin" time="0.002">
    <skipped/>
  </testcase> <!-- signin -->
  <testcase classname="com.TestCases.HomePage" name="verifynavigationmenutext" time="0.005">
    <skipped/>
  </testcase> <!-- verifynavigationmenutext -->
  <testcase classname="com.TestCases.HomePage" name="addtocart" time="0.001">
    <skipped/>
  </testcase> <!-- addtocart -->
  <testcase classname="com.TestCases.HomePage" name="verifyhomepagetitle" time="0.001">
    <skipped/>
  </testcase> <!-- verifyhomepagetitle -->
  <testcase classname="com.TestCases.HomePage" name="MouseHoverMethod" time="0.001">
    <skipped/>
  </testcase> <!-- MouseHoverMethod -->
  <testcase classname="com.TestCases.HomePage" name="doesitsatisfyRequirement" time="0.001">
    <skipped/>
  </testcase> <!-- doesitsatisfyRequirement -->
  <testcase classname="com.TestCases.HomePage" name="verifytitleoftodaysdeal" time="0.005">
    <skipped/>
  </testcase> <!-- verifytitleoftodaysdeal -->
</testsuite> <!-- com.TestCases.HomePage -->
